Flow report for ULA
Sun Oct 23 19:17:04 2016
Quartus II 64-Bit Version 13.1.0 Build 162 10/23/2013 SJ Web Edition


---------------------
; Table of Contents ;
---------------------
  1. Legal Notice
  2. Flow Summary
  3. Flow Settings
  4. Flow Non-Default Global Settings
  5. Flow Elapsed Time
  6. Flow OS Summary
  7. Flow Log
  8. Flow Messages
  9. Flow Suppressed Messages



----------------
; Legal Notice ;
----------------
Copyright (C) 1991-2013 Altera Corporation
Your use of Altera Corporation's design tools, logic functions 
and other software and tools, and its AMPP partner logic 
functions, and any output files from any of the foregoing 
(including device programming or simulation files), and any 
associated documentation or information are expressly subject 
to the terms and conditions of the Altera Program License 
Subscription Agreement, Altera MegaCore Function License 
Agreement, or other applicable license agreement, including, 
without limitation, that your use is for the sole purpose of 
programming logic devices manufactured by Altera and sold by 
Altera or its authorized distributors.  Please refer to the 
applicable agreement for further details.



+------------------------------------------------------------------------+
; Flow Summary                                                           ;
+---------------------------+--------------------------------------------+
; Flow Status               ; Successful - Sun Oct 23 19:17:04 2016      ;
; Quartus II 64-Bit Version ; 13.1.0 Build 162 10/23/2013 SJ Web Edition ;
; Revision Name             ; ULA                                        ;
; Top-level Entity Name     ; inversor                                   ;
; Family                    ; MAX V                                      ;
; Total logic elements      ; 0 / 40 ( 0 % )                             ;
; Total pins                ; 8 / 30 ( 27 % )                            ;
; Total virtual pins        ; 0                                          ;
; UFM blocks                ; 0 / 1 ( 0 % )                              ;
; Device                    ; 5M40ZM64C4                                 ;
; Timing Models             ; Final                                      ;
; Quartus II 32-bit Version ; 13.1.0 Build 162 10/23/2013 SJ Web Edition ;
+---------------------------+--------------------------------------------+


+-----------------------------------------+
; Flow Settings                           ;
+-------------------+---------------------+
; Option            ; Setting             ;
+-------------------+---------------------+
; Start date & time ; 10/23/2016 18:03:55 ;
; Main task         ; Compilation         ;
; Revision Name     ; ULA                 ;
+-------------------+---------------------+


+-------------------------------------------------------------------------------------------------------+
; Flow Non-Default Global Settings                                                                      ;
+--------------------------+---------------------------------+---------------+-------------+------------+
; Assignment Name          ; Value                           ; Default Value ; Entity Name ; Section Id ;
+--------------------------+---------------------------------+---------------+-------------+------------+
; COMPILER_SIGNATURE_ID    ; 255332410159800.147725663527850 ; --            ; --          ; --         ;
; PROJECT_OUTPUT_DIRECTORY ; output_files                    ; --            ; --          ; --         ;
; TOP_LEVEL_ENTITY         ; inversor                        ; ULA           ; --          ; --         ;
+--------------------------+---------------------------------+---------------+-------------+------------+


+-------------------------------------------------------------------------------------------------------------------------------+
; Flow Elapsed Time                                                                                                             ;
+---------------------------+--------------+-------------------------+---------------------+------------------------------------+
; Module Name               ; Elapsed Time ; Average Processors Used ; Peak Virtual Memory ; Total CPU Time (on all processors) ;
+---------------------------+--------------+-------------------------+---------------------+------------------------------------+
; Analysis & Synthesis      ; 00:00:01     ; 1.0                     ; 650 MB              ; 00:00:01                           ;
; Fitter                    ; 00:00:02     ; 1.0                     ; 710 MB              ; 00:00:02                           ;
; Assembler                 ; 00:00:01     ; 1.0                     ; 579 MB              ; 00:00:01                           ;
; TimeQuest Timing Analyzer ; 00:00:01     ; 1.0                     ; 550 MB              ; 00:00:01                           ;
; EDA Netlist Writer        ; 00:00:01     ; 1.0                     ; 833 MB              ; 00:00:01                           ;
; EDA Netlist Writer        ; 00:00:01     ; 1.0                     ; 833 MB              ; 00:00:01                           ;
; EDA Netlist Writer        ; 00:00:00     ; 1.0                     ; 833 MB              ; 00:00:01                           ;
; EDA Netlist Writer        ; 00:00:01     ; 1.0                     ; 833 MB              ; 00:00:01                           ;
; EDA Netlist Writer        ; 00:00:01     ; 1.0                     ; 833 MB              ; 00:00:01                           ;
; EDA Netlist Writer        ; 00:00:01     ; 1.0                     ; 833 MB              ; 00:00:01                           ;
; EDA Netlist Writer        ; 00:00:01     ; 1.0                     ; 833 MB              ; 00:00:01                           ;
; EDA Netlist Writer        ; 00:00:01     ; 1.0                     ; 833 MB              ; 00:00:01                           ;
; EDA Netlist Writer        ; 00:00:01     ; 1.0                     ; 333 MB              ; 00:00:01                           ;
; EDA Netlist Writer        ; 00:00:01     ; 1.0                     ; 333 MB              ; 00:00:01                           ;
; EDA Netlist Writer        ; 00:00:01     ; 1.0                     ; 333 MB              ; 00:00:01                           ;
; EDA Netlist Writer        ; 00:00:00     ; 1.0                     ; 333 MB              ; 00:00:01                           ;
; EDA Netlist Writer        ; 00:00:01     ; 1.0                     ; 333 MB              ; 00:00:01                           ;
; EDA Netlist Writer        ; 00:00:01     ; 1.0                     ; 329 MB              ; 00:00:01                           ;
; EDA Netlist Writer        ; 00:00:01     ; 1.0                     ; 333 MB              ; 00:00:01                           ;
; EDA Netlist Writer        ; 00:00:01     ; 1.0                     ; 333 MB              ; 00:00:01                           ;
; EDA Netlist Writer        ; 00:00:01     ; 1.0                     ; 333 MB              ; 00:00:01                           ;
; EDA Netlist Writer        ; 00:00:00     ; 1.0                     ; 333 MB              ; 00:00:01                           ;
; EDA Netlist Writer        ; 00:00:01     ; 1.0                     ; 329 MB              ; 00:00:01                           ;
; EDA Netlist Writer        ; 00:00:00     ; 1.0                     ; 333 MB              ; 00:00:01                           ;
; EDA Netlist Writer        ; 00:00:01     ; 1.0                     ; 329 MB              ; 00:00:01                           ;
; EDA Netlist Writer        ; 00:00:01     ; 1.0                     ; 333 MB              ; 00:00:01                           ;
; EDA Netlist Writer        ; 00:00:00     ; 1.0                     ; 333 MB              ; 00:00:01                           ;
; EDA Netlist Writer        ; 00:00:01     ; 1.0                     ; 333 MB              ; 00:00:01                           ;
; EDA Netlist Writer        ; 00:00:01     ; 1.0                     ; 333 MB              ; 00:00:01                           ;
; EDA Netlist Writer        ; 00:00:01     ; 1.0                     ; 333 MB              ; 00:00:01                           ;
; EDA Netlist Writer        ; 00:00:00     ; 1.0                     ; 333 MB              ; 00:00:01                           ;
; EDA Netlist Writer        ; 00:00:01     ; 1.0                     ; 333 MB              ; 00:00:01                           ;
; EDA Netlist Writer        ; 00:00:01     ; 1.0                     ; 333 MB              ; 00:00:01                           ;
; EDA Netlist Writer        ; 00:00:01     ; 1.0                     ; 329 MB              ; 00:00:01                           ;
; EDA Netlist Writer        ; 00:00:01     ; 1.0                     ; 833 MB              ; 00:00:01                           ;
; EDA Netlist Writer        ; 00:00:01     ; 1.0                     ; 833 MB              ; 00:00:01                           ;
; Total                     ; 00:00:31     ; --                      ; --                  ; 00:00:37                           ;
+---------------------------+--------------+-------------------------+---------------------+------------------------------------+


+---------------------------------------------------------------------------------------------+
; Flow OS Summary                                                                             ;
+---------------------------+------------------+----------------+------------+----------------+
; Module Name               ; Machine Hostname ; OS Name        ; OS Version ; Processor type ;
+---------------------------+------------------+----------------+------------+----------------+
; Analysis & Synthesis      ; ug1c07           ; Ubuntu 14.04.4 ; 14         ; x86_64         ;
; Fitter                    ; ug1c07           ; Ubuntu 14.04.4 ; 14         ; x86_64         ;
; Assembler                 ; ug1c07           ; Ubuntu 14.04.4 ; 14         ; x86_64         ;
; TimeQuest Timing Analyzer ; ug1c07           ; Ubuntu 14.04.4 ; 14         ; x86_64         ;
; EDA Netlist Writer        ; ug1c07           ; Ubuntu 14.04.4 ; 14         ; x86_64         ;
; EDA Netlist Writer        ; ug1c07           ; Ubuntu 14.04.4 ; 14         ; x86_64         ;
; EDA Netlist Writer        ; ug1c07           ; Ubuntu 14.04.4 ; 14         ; x86_64         ;
; EDA Netlist Writer        ; ug1c07           ; Ubuntu 14.04.4 ; 14         ; x86_64         ;
; EDA Netlist Writer        ; ug1c07           ; Ubuntu 14.04.4 ; 14         ; x86_64         ;
; EDA Netlist Writer        ; ug1c07           ; Ubuntu 14.04.4 ; 14         ; x86_64         ;
; EDA Netlist Writer        ; ug1c07           ; Ubuntu 14.04.4 ; 14         ; x86_64         ;
; EDA Netlist Writer        ; ug1c07           ; Ubuntu 14.04.4 ; 14         ; x86_64         ;
; EDA Netlist Writer        ; ug1c07           ; Ubuntu 14.04.4 ; 14         ; x86_64         ;
; EDA Netlist Writer        ; ug1c07           ; Ubuntu 14.04.4 ; 14         ; x86_64         ;
; EDA Netlist Writer        ; ug1c07           ; Ubuntu 14.04.4 ; 14         ; x86_64         ;
; EDA Netlist Writer        ; ug1c07           ; Ubuntu 14.04.4 ; 14         ; x86_64         ;
; EDA Netlist Writer        ; ug1c07           ; Ubuntu 14.04.4 ; 14         ; x86_64         ;
; EDA Netlist Writer        ; ug1c07           ; Ubuntu 14.04.4 ; 14         ; x86_64         ;
; EDA Netlist Writer        ; ug1c07           ; Ubuntu 14.04.4 ; 14         ; x86_64         ;
; EDA Netlist Writer        ; ug1c07           ; Ubuntu 14.04.4 ; 14         ; x86_64         ;
; EDA Netlist Writer        ; ug1c07           ; Ubuntu 14.04.4 ; 14         ; x86_64         ;
; EDA Netlist Writer        ; ug1c07           ; Ubuntu 14.04.4 ; 14         ; x86_64         ;
; EDA Netlist Writer        ; ug1c07           ; Ubuntu 14.04.4 ; 14         ; x86_64         ;
; EDA Netlist Writer        ; ug1c07           ; Ubuntu 14.04.4 ; 14         ; x86_64         ;
; EDA Netlist Writer        ; ug1c07           ; Ubuntu 14.04.4 ; 14         ; x86_64         ;
; EDA Netlist Writer        ; ug1c07           ; Ubuntu 14.04.4 ; 14         ; x86_64         ;
; EDA Netlist Writer        ; ug1c07           ; Ubuntu 14.04.4 ; 14         ; x86_64         ;
; EDA Netlist Writer        ; ug1c07           ; Ubuntu 14.04.4 ; 14         ; x86_64         ;
; EDA Netlist Writer        ; ug1c07           ; Ubuntu 14.04.4 ; 14         ; x86_64         ;
; EDA Netlist Writer        ; ug1c07           ; Ubuntu 14.04.4 ; 14         ; x86_64         ;
; EDA Netlist Writer        ; ug1c07           ; Ubuntu 14.04.4 ; 14         ; x86_64         ;
; EDA Netlist Writer        ; ug1c07           ; Ubuntu 14.04.4 ; 14         ; x86_64         ;
; EDA Netlist Writer        ; ug1c07           ; Ubuntu 14.04.4 ; 14         ; x86_64         ;
; EDA Netlist Writer        ; ug1c07           ; Ubuntu 14.04.4 ; 14         ; x86_64         ;
; EDA Netlist Writer        ; ug1c07           ; Ubuntu 14.04.4 ; 14         ; x86_64         ;
; EDA Netlist Writer        ; ug1c07           ; Ubuntu 14.04.4 ; 14         ; x86_64         ;
+---------------------------+------------------+----------------+------------+----------------+


------------
; Flow Log ;
------------
quartus_map --read_settings_files=on --write_settings_files=off ULA -c ULA
quartus_fit --read_settings_files=off --write_settings_files=off ULA -c ULA
quartus_asm --read_settings_files=off --write_settings_files=off ULA -c ULA
quartus_sta ULA -c ULA
quartus_eda --gen_testbench --check_outputs=on --tool=modelsim_oem --format=verilog ULA -c ULA --vector_source=/home/CIN/phts/Desktop/ULA-Quartus/inversor.vwf --testbench_file=/home/CIN/phts/Desktop/ULA-Quartus/simulation/qsim/inversor.vwf.vt
quartus_eda --functional=on --flatten_buses=off --simulation=on --tool=modelsim_oem --format=verilog --output_directory=/home/CIN/phts/Desktop/ULA-Quartus/simulation/qsim/ ULA -c ULA
quartus_eda --gen_testbench --check_outputs=on --tool=modelsim_oem --format=verilog ULA -c ULA --vector_source=/home/CIN/phts/Desktop/ULA-Quartus/inversor.vwf --testbench_file=/home/CIN/phts/Desktop/ULA-Quartus/simulation/qsim/inversor.vwf.vt
quartus_eda --functional=on --flatten_buses=off --simulation=on --tool=modelsim_oem --format=verilog --output_directory=/home/CIN/phts/Desktop/ULA-Quartus/simulation/qsim/ ULA -c ULA
quartus_eda --gen_testbench --check_outputs=on --tool=modelsim_oem --format=verilog ULA -c ULA --vector_source=/home/CIN/phts/Desktop/ULA-Quartus/inversor.vwf --testbench_file=/home/CIN/phts/Desktop/ULA-Quartus/simulation/qsim/inversor.vwf.vt
quartus_eda --functional=on --flatten_buses=off --simulation=on --tool=modelsim_oem --format=verilog --output_directory=/home/CIN/phts/Desktop/ULA-Quartus/simulation/qsim/ ULA -c ULA
quartus_eda --gen_testbench --check_outputs=on --tool=modelsim_oem --format=verilog ULA -c ULA --vector_source=/home/CIN/phts/Desktop/ULA-Quartus/inversor.vwf --testbench_file=/home/CIN/phts/Desktop/ULA-Quartus/simulation/qsim/inversor.vwf.vt
quartus_eda --functional=on --flatten_buses=off --simulation=on --tool=modelsim_oem --format=verilog --output_directory=/home/CIN/phts/Desktop/ULA-Quartus/simulation/qsim/ ULA -c ULA
quartus_eda --gen_testbench --check_outputs=on --tool=modelsim_oem --format=verilog ULA -c ULA --vector_source=/home/CIN/phts/Desktop/ULA-Quartus/inversor.vwf --testbench_file=/home/CIN/phts/Desktop/ULA-Quartus/simulation/qsim/inversor.vwf.vt
quartus_eda --functional=on --flatten_buses=off --simulation=on --tool=modelsim_oem --format=verilog --output_directory=/home/CIN/phts/Desktop/ULA-Quartus/simulation/qsim/ ULA -c ULA
quartus_eda --gen_testbench --check_outputs=on --tool=modelsim_oem --format=verilog ULA -c ULA --vector_source=/home/CIN/phts/Desktop/ULA-Quartus/inversor.vwf --testbench_file=/home/CIN/phts/Desktop/ULA-Quartus/simulation/qsim/inversor.vwf.vt
quartus_eda --functional=on --flatten_buses=off --simulation=on --tool=modelsim_oem --format=verilog --output_directory=/home/CIN/phts/Desktop/ULA-Quartus/simulation/qsim/ ULA -c ULA
quartus_eda --gen_testbench --check_outputs=on --tool=modelsim_oem --format=verilog ULA -c ULA --vector_source=/home/CIN/phts/Desktop/ULA-Quartus/inversor.vwf --testbench_file=/home/CIN/phts/Desktop/ULA-Quartus/simulation/qsim/inversor.vwf.vt
quartus_eda --functional=on --flatten_buses=off --simulation=on --tool=modelsim_oem --format=verilog --output_directory=/home/CIN/phts/Desktop/ULA-Quartus/simulation/qsim/ ULA -c ULA
quartus_eda --gen_testbench --check_outputs=on --tool=modelsim_oem --format=verilog ULA -c ULA --vector_source=/home/CIN/phts/Desktop/ULA-Quartus/inversor.vwf --testbench_file=/home/CIN/phts/Desktop/ULA-Quartus/simulation/qsim/inversor.vwf.vt
quartus_eda --functional=on --flatten_buses=off --simulation=on --tool=modelsim_oem --format=verilog --output_directory=/home/CIN/phts/Desktop/ULA-Quartus/simulation/qsim/ ULA -c ULA
quartus_eda --gen_testbench --check_outputs=on --tool=modelsim_oem --format=verilog ULA -c ULA --vector_source=/home/CIN/phts/Desktop/ULA-Quartus/inversor.vwf --testbench_file=/home/CIN/phts/Desktop/ULA-Quartus/simulation/qsim/inversor.vwf.vt
quartus_eda --functional=on --flatten_buses=off --simulation=on --tool=modelsim_oem --format=verilog --output_directory=/home/CIN/phts/Desktop/ULA-Quartus/simulation/qsim/ ULA -c ULA
quartus_eda --gen_testbench --check_outputs=on --tool=modelsim_oem --format=verilog ULA -c ULA --vector_source=/home/CIN/phts/Desktop/ULA-Quartus/inversor.vwf --testbench_file=/home/CIN/phts/Desktop/ULA-Quartus/simulation/qsim/inversor.vwf.vt
quartus_eda --functional=on --flatten_buses=off --simulation=on --tool=modelsim_oem --format=verilog --output_directory=/home/CIN/phts/Desktop/ULA-Quartus/simulation/qsim/ ULA -c ULA
quartus_eda --gen_testbench --check_outputs=on --tool=modelsim_oem --format=verilog ULA -c ULA --vector_source=/home/CIN/phts/Desktop/ULA-Quartus/inversor.vwf --testbench_file=/home/CIN/phts/Desktop/ULA-Quartus/simulation/qsim/inversor.vwf.vt
quartus_eda --functional=on --flatten_buses=off --simulation=on --tool=modelsim_oem --format=verilog --output_directory=/home/CIN/phts/Desktop/ULA-Quartus/simulation/qsim/ ULA -c ULA
quartus_eda --gen_testbench --check_outputs=on --tool=modelsim_oem --format=verilog ULA -c ULA --vector_source=/home/CIN/phts/Desktop/ULA-Quartus/inversor.vwf --testbench_file=/home/CIN/phts/Desktop/ULA-Quartus/simulation/qsim/inversor.vwf.vt
quartus_eda --functional=on --flatten_buses=off --simulation=on --tool=modelsim_oem --format=verilog --output_directory=/home/CIN/phts/Desktop/ULA-Quartus/simulation/qsim/ ULA -c ULA
quartus_eda --gen_testbench --check_outputs=on --tool=modelsim_oem --format=verilog ULA -c ULA --vector_source=/home/CIN/phts/Desktop/ULA-Quartus/inversor.vwf --testbench_file=/home/CIN/phts/Desktop/ULA-Quartus/simulation/qsim/inversor.vwf.vt
quartus_eda --functional=on --flatten_buses=off --simulation=on --tool=modelsim_oem --format=verilog --output_directory=/home/CIN/phts/Desktop/ULA-Quartus/simulation/qsim/ ULA -c ULA
quartus_eda --gen_testbench --check_outputs=on --tool=modelsim_oem --format=verilog ULA -c ULA --vector_source=/home/CIN/phts/Desktop/ULA-Quartus/inversor.vwf --testbench_file=/home/CIN/phts/Desktop/ULA-Quartus/simulation/qsim/inversor.vwf.vt
quartus_eda --functional=on --flatten_buses=off --simulation=on --tool=modelsim_oem --format=verilog --output_directory=/home/CIN/phts/Desktop/ULA-Quartus/simulation/qsim/ ULA -c ULA
quartus_eda --gen_testbench --check_outputs=on --tool=modelsim_oem --format=verilog ULA -c ULA --vector_source=/home/CIN/phts/Desktop/ULA-Quartus/inversor.vwf --testbench_file=/home/CIN/phts/Desktop/ULA-Quartus/simulation/qsim/inversor.vwf.vt
quartus_eda --functional=on --flatten_buses=off --simulation=on --tool=modelsim_oem --format=verilog --output_directory=/home/CIN/phts/Desktop/ULA-Quartus/simulation/qsim/ ULA -c ULA
quartus_eda --gen_testbench --check_outputs=on --tool=modelsim_oem --format=verilog ULA -c ULA --vector_source=/home/CIN/phts/Desktop/ULA-Quartus/inversor.vwf --testbench_file=/home/CIN/phts/Desktop/ULA-Quartus/simulation/qsim/inversor.vwf.vt
quartus_eda --functional=on --flatten_buses=off --simulation=on --tool=modelsim_oem --format=verilog --output_directory=/home/CIN/phts/Desktop/ULA-Quartus/simulation/qsim/ ULA -c ULA



