Fitter report for ULA
Sun Oct 23 20:19:56 2016
Quartus II 32-bit Version 13.1.0 Build 162 10/23/2013 SJ Web Edition


---------------------
; Table of Contents ;
---------------------
  1. Legal Notice
  2. Fitter Summary
  3. Fitter Settings
  4. Parallel Compilation
  5. Pin-Out File
  6. Fitter Resource Usage Summary
  7. Input Pins
  8. I/O Bank Usage
  9. All Package Pins
 10. Output Pin Default Load For Reported TCO
 11. Fitter Resource Utilization by Entity
 12. Delay Chain Summary
 13. Routing Usage Summary
 14. Fitter Device Options
 15. Fitter Messages
 16. Fitter Suppressed Messages



----------------
; Legal Notice ;
----------------
Copyright (C) 1991-2013 Altera Corporation
Your use of Altera Corporation's design tools, logic functions 
and other software and tools, and its AMPP partner logic 
functions, and any output files from any of the foregoing 
(including device programming or simulation files), and any 
associated documentation or information are expressly subject 
to the terms and conditions of the Altera Program License 
Subscription Agreement, Altera MegaCore Function License 
Agreement, or other applicable license agreement, including, 
without limitation, that your use is for the sole purpose of 
programming logic devices manufactured by Altera and sold by 
Altera or its authorized distributors.  Please refer to the 
applicable agreement for further details.



+------------------------------------------------------------------------+
; Fitter Summary                                                         ;
+---------------------------+--------------------------------------------+
; Fitter Status             ; Successful - Sun Oct 23 20:19:56 2016      ;
; Quartus II 32-bit Version ; 13.1.0 Build 162 10/23/2013 SJ Web Edition ;
; Revision Name             ; ULA                                        ;
; Top-level Entity Name     ; ULA                                        ;
; Family                    ; MAX V                                      ;
; Device                    ; 5M40ZE64C4                                 ;
; Timing Models             ; Final                                      ;
; Total logic elements      ; 0 / 40 ( 0 % )                             ;
; Total pins                ; 11 / 54 ( 20 % )                           ;
; Total virtual pins        ; 0                                          ;
; UFM blocks                ; 0 / 1 ( 0 % )                              ;
+---------------------------+--------------------------------------------+


+----------------------------------------------------------------------------------------------------------------------------------------------+
; Fitter Settings                                                                                                                              ;
+----------------------------------------------------------------------------+--------------------------------+--------------------------------+
; Option                                                                     ; Setting                        ; Default Value                  ;
+----------------------------------------------------------------------------+--------------------------------+--------------------------------+
; Device                                                                     ; auto                           ;                                ;
; Fit Attempts to Skip                                                       ; 0                              ; 0.0                            ;
; Use smart compilation                                                      ; Off                            ; Off                            ;
; Enable parallel Assembler and TimeQuest Timing Analyzer during compilation ; On                             ; On                             ;
; Enable compact report table                                                ; Off                            ; Off                            ;
; Router Timing Optimization Level                                           ; Normal                         ; Normal                         ;
; Placement Effort Multiplier                                                ; 1.0                            ; 1.0                            ;
; Router Effort Multiplier                                                   ; 1.0                            ; 1.0                            ;
; Always Enable Input Buffers                                                ; Off                            ; Off                            ;
; Optimize Hold Timing                                                       ; IO Paths and Minimum TPD Paths ; IO Paths and Minimum TPD Paths ;
; Optimize Multi-Corner Timing                                               ; Off                            ; Off                            ;
; Guarantee I/O Paths Have Zero Hold Time at Fast Corner                     ; On                             ; On                             ;
; PowerPlay Power Optimization                                               ; Normal compilation             ; Normal compilation             ;
; Optimize Timing                                                            ; Normal compilation             ; Normal compilation             ;
; Optimize Timing for ECOs                                                   ; Off                            ; Off                            ;
; Regenerate full fit report during ECO compiles                             ; Off                            ; Off                            ;
; Optimize IOC Register Placement for Timing                                 ; Normal                         ; Normal                         ;
; Limit to One Fitting Attempt                                               ; Off                            ; Off                            ;
; Final Placement Optimizations                                              ; Automatically                  ; Automatically                  ;
; Fitter Aggressive Routability Optimizations                                ; Automatically                  ; Automatically                  ;
; Fitter Initial Placement Seed                                              ; 1                              ; 1                              ;
; Slow Slew Rate                                                             ; Off                            ; Off                            ;
; PCI I/O                                                                    ; Off                            ; Off                            ;
; Weak Pull-Up Resistor                                                      ; Off                            ; Off                            ;
; Enable Bus-Hold Circuitry                                                  ; Off                            ; Off                            ;
; Auto Delay Chains                                                          ; On                             ; On                             ;
; Auto Delay Chains for High Fanout Input Pins                               ; Off                            ; Off                            ;
; Perform Physical Synthesis for Combinational Logic for Performance         ; Off                            ; Off                            ;
; Perform Register Duplication for Performance                               ; Off                            ; Off                            ;
; Perform Register Retiming for Performance                                  ; Off                            ; Off                            ;
; Perform Asynchronous Signal Pipelining                                     ; Off                            ; Off                            ;
; Fitter Effort                                                              ; Auto Fit                       ; Auto Fit                       ;
; Physical Synthesis Effort Level                                            ; Normal                         ; Normal                         ;
; Logic Cell Insertion - Logic Duplication                                   ; Auto                           ; Auto                           ;
; Auto Register Duplication                                                  ; Auto                           ; Auto                           ;
; Auto Global Clock                                                          ; On                             ; On                             ;
; Auto Global Register Control Signals                                       ; On                             ; On                             ;
; Force Fitter to Avoid Periphery Placement Warnings                         ; Off                            ; Off                            ;
+----------------------------------------------------------------------------+--------------------------------+--------------------------------+


Parallel compilation was disabled, but you have multiple processors available. Enable parallel compilation to reduce compilation time.
+-------------------------------------+
; Parallel Compilation                ;
+----------------------------+--------+
; Processors                 ; Number ;
+----------------------------+--------+
; Number detected on machine ; 4      ;
; Maximum allowed            ; 1      ;
+----------------------------+--------+


+--------------+
; Pin-Out File ;
+--------------+
The pin-out file can be found in /home/CIN/phts/Desktop/ULA-Quartus/output_files/ULA.pin.


+----------------------------------------------------------------+
; Fitter Resource Usage Summary                                  ;
+---------------------------------------------+------------------+
; Resource                                    ; Usage            ;
+---------------------------------------------+------------------+
; Total logic elements                        ; 0 / 40 ( 0 % )   ;
;     -- Combinational with no register       ; 0                ;
;     -- Register only                        ; 0                ;
;     -- Combinational with a register        ; 0                ;
;                                             ;                  ;
; Logic element usage by number of LUT inputs ;                  ;
;     -- 4 input functions                    ; 0                ;
;     -- 3 input functions                    ; 0                ;
;     -- 2 input functions                    ; 0                ;
;     -- 1 input functions                    ; 0                ;
;     -- 0 input functions                    ; 0                ;
;                                             ;                  ;
; Logic elements by mode                      ;                  ;
;     -- normal mode                          ; 0                ;
;     -- arithmetic mode                      ; 0                ;
;     -- qfbk mode                            ; 0                ;
;     -- register cascade mode                ; 0                ;
;     -- synchronous clear/load mode          ; 0                ;
;     -- asynchronous clear/load mode         ; 0                ;
;                                             ;                  ;
; Total registers                             ; 0 / 40 ( 0 % )   ;
; Total LABs                                  ; 0 / 4 ( 0 % )    ;
; Logic elements in carry chains              ; 0                ;
; Virtual pins                                ; 0                ;
; I/O pins                                    ; 11 / 54 ( 20 % ) ;
;     -- Clock pins                           ; 0 / 4 ( 0 % )    ;
;                                             ;                  ;
; Global signals                              ; 0                ;
; UFM blocks                                  ; 0 / 1 ( 0 % )    ;
; Global clocks                               ; 0 / 4 ( 0 % )    ;
; JTAGs                                       ; 0 / 1 ( 0 % )    ;
; Average interconnect usage (total/H/V)      ; 0% / 0% / 0%     ;
; Peak interconnect usage (total/H/V)         ; 0% / 0% / 0%     ;
+---------------------------------------------+------------------+


+-------------------------------------------------------------------------------------------------------------------------------------------------------------------------------------------------------------+
; Input Pins                                                                                                                                                                                                  ;
+------+-------+----------+--------------+--------------+-------------+-----------------------+--------------------+--------+-----------------+----------+--------------+--------------+----------------------+
; Name ; Pin # ; I/O Bank ; X coordinate ; Y coordinate ; Cell number ; Combinational Fan-Out ; Registered Fan-Out ; Global ; PCI I/O Enabled ; Bus Hold ; Weak Pull Up ; I/O Standard ; Location assigned by ;
+------+-------+----------+--------------+--------------+-------------+-----------------------+--------------------+--------+-----------------+----------+--------------+--------------+----------------------+
; A[0] ; 3     ; 1        ; 1            ; 3            ; 0           ; 0                     ; 0                  ; no     ; no              ; no       ; Off          ; 3.3-V LVTTL  ; Fitter               ;
; A[1] ; 26    ; 1        ; 5            ; 0            ; 1           ; 0                     ; 0                  ; no     ; no              ; no       ; Off          ; 3.3-V LVTTL  ; Fitter               ;
; A[2] ; 10    ; 1        ; 1            ; 2            ; 3           ; 0                     ; 0                  ; no     ; no              ; no       ; Off          ; 3.3-V LVTTL  ; Fitter               ;
; A[3] ; 13    ; 1        ; 1            ; 1            ; 3           ; 0                     ; 0                  ; no     ; no              ; no       ; Off          ; 3.3-V LVTTL  ; Fitter               ;
; B[0] ; 38    ; 2        ; 8            ; 2            ; 3           ; 0                     ; 0                  ; no     ; no              ; no       ; Off          ; 3.3-V LVTTL  ; Fitter               ;
; B[1] ; 28    ; 1        ; 6            ; 0            ; 3           ; 0                     ; 0                  ; no     ; no              ; no       ; Off          ; 3.3-V LVTTL  ; Fitter               ;
; B[2] ; 61    ; 2        ; 2            ; 5            ; 0           ; 0                     ; 0                  ; no     ; no              ; no       ; Off          ; 3.3-V LVTTL  ; Fitter               ;
; B[3] ; 35    ; 2        ; 8            ; 1            ; 3           ; 0                     ; 0                  ; no     ; no              ; no       ; Off          ; 3.3-V LVTTL  ; Fitter               ;
; S[0] ; 12    ; 1        ; 1            ; 1            ; 2           ; 0                     ; 0                  ; no     ; no              ; no       ; Off          ; 3.3-V LVTTL  ; Fitter               ;
; S[1] ; 48    ; 2        ; 8            ; 4            ; 1           ; 0                     ; 0                  ; no     ; no              ; no       ; Off          ; 3.3-V LVTTL  ; Fitter               ;
; S[2] ; 2     ; 1        ; 1            ; 4            ; 3           ; 0                     ; 0                  ; no     ; no              ; no       ; Off          ; 3.3-V LVTTL  ; Fitter               ;
+------+-------+----------+--------------+--------------+-------------+-----------------------+--------------------+--------+-----------------+----------+--------------+--------------+----------------------+


+-----------------------------------------------------------+
; I/O Bank Usage                                            ;
+----------+-----------------+---------------+--------------+
; I/O Bank ; Usage           ; VCCIO Voltage ; VREF Voltage ;
+----------+-----------------+---------------+--------------+
; 1        ; 7 / 27 ( 26 % ) ; 3.3V          ; --           ;
; 2        ; 4 / 27 ( 15 % ) ; 3.3V          ; --           ;
+----------+-----------------+---------------+--------------+


+----------------------------------------------------------------------------------------------------------------------------------------------+
; All Package Pins                                                                                                                             ;
+----------+------------+----------+----------------+--------+--------------+---------+------------+-----------------+----------+--------------+
; Location ; Pad Number ; I/O Bank ; Pin Name/Usage ; Dir.   ; I/O Standard ; Voltage ; I/O Type   ; User Assignment ; Bus Hold ; Weak Pull Up ;
+----------+------------+----------+----------------+--------+--------------+---------+------------+-----------------+----------+--------------+
; 1        ; 2          ; 1        ; GND*           ;        ;              ;         ; Row I/O    ;                 ; no       ; Off          ;
; 2        ; 3          ; 1        ; S[2]           ; input  ; 3.3-V LVTTL  ;         ; Row I/O    ; N               ; no       ; Off          ;
; 3        ; 4          ; 1        ; A[0]           ; input  ; 3.3-V LVTTL  ;         ; Row I/O    ; N               ; no       ; Off          ;
; 4        ; 5          ; 1        ; GND*           ;        ;              ;         ; Row I/O    ;                 ; no       ; Off          ;
; 5        ; 6          ; 1        ; GND*           ;        ;              ;         ; Row I/O    ;                 ; no       ; Off          ;
; 6        ;            ; 1        ; VCCIO1         ; power  ;              ; 3.3V    ; --         ;                 ; --       ; --           ;
; 7        ; 7          ; 1        ; GND*           ;        ;              ;         ; Row I/O    ;                 ; no       ; Off          ;
; 8        ;            ;          ; VCCINT         ; power  ;              ; 1.8V    ; --         ;                 ; --       ; --           ;
; 9        ; 8          ; 1        ; GND*           ;        ;              ;         ; Row I/O    ;                 ; no       ; Off          ;
; 10       ; 11         ; 1        ; A[2]           ; input  ; 3.3-V LVTTL  ;         ; Row I/O    ; N               ; no       ; Off          ;
; 11       ; 13         ; 1        ; GND*           ;        ;              ;         ; Row I/O    ;                 ; no       ; Off          ;
; 12       ; 14         ; 1        ; S[0]           ; input  ; 3.3-V LVTTL  ;         ; Row I/O    ; N               ; no       ; Off          ;
; 13       ; 15         ; 1        ; A[3]           ; input  ; 3.3-V LVTTL  ;         ; Row I/O    ; N               ; no       ; Off          ;
; 14       ; 16         ; 1        ; #TMS           ; input  ;              ;         ; --         ;                 ; --       ; --           ;
; 15       ; 17         ; 1        ; #TDI           ; input  ;              ;         ; --         ;                 ; --       ; --           ;
; 16       ; 18         ; 1        ; #TCK           ; input  ;              ;         ; --         ;                 ; --       ; --           ;
; 17       ; 19         ; 1        ; #TDO           ; output ;              ;         ; --         ;                 ; --       ; --           ;
; 18       ; 20         ; 1        ; GND*           ;        ;              ;         ; Column I/O ;                 ; no       ; Off          ;
; 19       ; 21         ; 1        ; GND*           ;        ;              ;         ; Column I/O ;                 ; no       ; Off          ;
; 20       ; 22         ; 1        ; GND*           ;        ;              ;         ; Column I/O ;                 ; no       ; Off          ;
; 21       ; 23         ; 1        ; GND*           ;        ;              ;         ; Column I/O ;                 ; no       ; Off          ;
; 22       ; 24         ; 1        ; GND*           ;        ;              ;         ; Column I/O ;                 ; no       ; Off          ;
; 23       ;            ; 1        ; VCCIO1         ; power  ;              ; 3.3V    ; --         ;                 ; --       ; --           ;
; 24       ; 25         ; 1        ; GND*           ;        ;              ;         ; Column I/O ;                 ; no       ; Off          ;
; 25       ; 26         ; 1        ; GND*           ;        ;              ;         ; Column I/O ;                 ; no       ; Off          ;
; 26       ; 33         ; 1        ; A[1]           ; input  ; 3.3-V LVTTL  ;         ; Column I/O ; N               ; no       ; Off          ;
; 27       ; 34         ; 1        ; GND*           ;        ;              ;         ; Column I/O ;                 ; no       ; Off          ;
; 28       ; 35         ; 1        ; B[1]           ; input  ; 3.3-V LVTTL  ;         ; Column I/O ; N               ; no       ; Off          ;
; 29       ; 36         ; 1        ; GND*           ;        ;              ;         ; Column I/O ;                 ; no       ; Off          ;
; 30       ; 37         ; 1        ; GND*           ;        ;              ;         ; Column I/O ;                 ; no       ; Off          ;
; 31       ; 38         ; 1        ; GND*           ;        ;              ;         ; Column I/O ;                 ; no       ; Off          ;
; 32       ; 39         ; 1        ; GND*           ;        ;              ;         ; Column I/O ;                 ; no       ; Off          ;
; 33       ; 40         ; 1        ; GND*           ;        ;              ;         ; Column I/O ;                 ; no       ; Off          ;
; 34       ; 42         ; 2        ; GND*           ;        ;              ;         ; Row I/O    ;                 ; no       ; Off          ;
; 35       ; 43         ; 2        ; B[3]           ; input  ; 3.3-V LVTTL  ;         ; Row I/O    ; N               ; no       ; Off          ;
; 36       ; 44         ; 2        ; GND*           ;        ;              ;         ; Row I/O    ;                 ; no       ; Off          ;
; 37       ; 45         ; 2        ; GND*           ;        ;              ;         ; Row I/O    ;                 ; no       ; Off          ;
; 38       ; 47         ; 2        ; B[0]           ; input  ; 3.3-V LVTTL  ;         ; Row I/O    ; N               ; no       ; Off          ;
; 39       ;            ; 2        ; VCCIO2         ; power  ;              ; 3.3V    ; --         ;                 ; --       ; --           ;
; 40       ; 50         ; 2        ; GND*           ;        ;              ;         ; Row I/O    ;                 ; no       ; Off          ;
; 41       ;            ;          ; VCCINT         ; power  ;              ; 1.8V    ; --         ;                 ; --       ; --           ;
; 42       ; 51         ; 2        ; GND*           ;        ;              ;         ; Row I/O    ;                 ; no       ; Off          ;
; 43       ; 54         ; 2        ; GND*           ;        ;              ;         ; Row I/O    ;                 ; no       ; Off          ;
; 44       ; 55         ; 2        ; GND*           ;        ;              ;         ; Row I/O    ;                 ; no       ; Off          ;
; 45       ; 56         ; 2        ; GND*           ;        ;              ;         ; Row I/O    ;                 ; no       ; Off          ;
; 46       ; 57         ; 2        ; GND*           ;        ;              ;         ; Row I/O    ;                 ; no       ; Off          ;
; 47       ; 58         ; 2        ; GND*           ;        ;              ;         ; Row I/O    ;                 ; no       ; Off          ;
; 48       ; 59         ; 2        ; S[1]           ; input  ; 3.3-V LVTTL  ;         ; Row I/O    ; N               ; no       ; Off          ;
; 49       ; 67         ; 2        ; GND*           ;        ;              ;         ; Column I/O ;                 ; no       ; Off          ;
; 50       ; 68         ; 2        ; GND*           ;        ;              ;         ; Column I/O ;                 ; no       ; Off          ;
; 51       ; 69         ; 2        ; GND*           ;        ;              ;         ; Column I/O ;                 ; no       ; Off          ;
; 52       ; 70         ; 2        ; GND*           ;        ;              ;         ; Column I/O ;                 ; no       ; Off          ;
; 53       ; 71         ; 2        ; GND*           ;        ;              ;         ; Column I/O ;                 ; no       ; Off          ;
; 54       ; 73         ; 2        ; GND*           ;        ;              ;         ; Column I/O ;                 ; no       ; Off          ;
; 55       ; 75         ; 2        ; GND*           ;        ;              ;         ; Column I/O ;                 ; no       ; Off          ;
; 56       ; 76         ; 2        ; GND*           ;        ;              ;         ; Column I/O ;                 ; no       ; Off          ;
; 57       ;            ; 2        ; VCCIO2         ; power  ;              ; 3.3V    ; --         ;                 ; --       ; --           ;
; 58       ; 77         ; 2        ; GND*           ;        ;              ;         ; Column I/O ;                 ; no       ; Off          ;
; 59       ; 78         ; 2        ; GND*           ;        ;              ;         ; Column I/O ;                 ; no       ; Off          ;
; 60       ; 79         ; 2        ; GND*           ;        ;              ;         ; Column I/O ;                 ; no       ; Off          ;
; 61       ; 80         ; 2        ; B[2]           ; input  ; 3.3-V LVTTL  ;         ; Column I/O ; N               ; no       ; Off          ;
; 62       ; 81         ; 2        ; GND*           ;        ;              ;         ; Column I/O ;                 ; no       ; Off          ;
; 63       ; 82         ; 2        ; GND*           ;        ;              ;         ; Column I/O ;                 ; no       ; Off          ;
; 64       ; 1          ; 1        ; GND*           ;        ;              ;         ; Row I/O    ;                 ; no       ; Off          ;
+----------+------------+----------+----------------+--------+--------------+---------+------------+-----------------+----------+--------------+
Note: Pin directions (input, output or bidir) are based on device operating in user mode.


+-------------------------------------------------------------+
; Output Pin Default Load For Reported TCO                    ;
+----------------------------+-------+------------------------+
; I/O Standard               ; Load  ; Termination Resistance ;
+----------------------------+-------+------------------------+
; 3.3-V LVTTL                ; 10 pF ; Not Available          ;
; 3.3-V LVCMOS               ; 10 pF ; Not Available          ;
; 2.5 V                      ; 10 pF ; Not Available          ;
; 1.8 V                      ; 10 pF ; Not Available          ;
; 1.5 V                      ; 10 pF ; Not Available          ;
; 3.3V Schmitt Trigger Input ; 10 pF ; Not Available          ;
; 2.5V Schmitt Trigger Input ; 10 pF ; Not Available          ;
; 1.2 V                      ; 10 pF ; Not Available          ;
; LVDS_E_3R                  ; 10 pF ; Not Available          ;
; RSDS_E_3R                  ; 10 pF ; Not Available          ;
+----------------------------+-------+------------------------+
Note: User assignments will override these defaults. The user specified values are listed in the Output Pins and Bidir Pins tables.


+----------------------------------------------------------------------------------------------------------------------------------------------------------------------------------------------------------------------+
; Fitter Resource Utilization by Entity                                                                                                                                                                                ;
+----------------------------+-------------+--------------+------------+------+--------------+--------------+-------------------+------------------+-----------------+------------+---------------------+--------------+
; Compilation Hierarchy Node ; Logic Cells ; LC Registers ; UFM Blocks ; Pins ; Virtual Pins ; LUT-Only LCs ; Register-Only LCs ; LUT/Register LCs ; Carry Chain LCs ; Packed LCs ; Full Hierarchy Name ; Library Name ;
+----------------------------+-------------+--------------+------------+------+--------------+--------------+-------------------+------------------+-----------------+------------+---------------------+--------------+
; |ULA                       ; 0 (0)       ; 0            ; 0          ; 11   ; 0            ; 0 (0)        ; 0 (0)             ; 0 (0)            ; 0 (0)           ; 0 (0)      ; |ULA                ; work         ;
+----------------------------+-------------+--------------+------------+------+--------------+--------------+-------------------+------------------+-----------------+------------+---------------------+--------------+
Note: For table entries with two numbers listed, the numbers in parentheses indicate the number of resources of the given type used by the specific entity alone. The numbers listed outside of parentheses indicate the total resources of the given type used by the specific entity and all of its sub-entities in the hierarchy.


+---------------------------------+
; Delay Chain Summary             ;
+------+----------+---------------+
; Name ; Pin Type ; Pad to Core 0 ;
+------+----------+---------------+
; A[3] ; Input    ; (0)           ;
; A[2] ; Input    ; (0)           ;
; A[1] ; Input    ; (0)           ;
; A[0] ; Input    ; (0)           ;
; B[3] ; Input    ; (0)           ;
; B[2] ; Input    ; (0)           ;
; B[1] ; Input    ; (0)           ;
; B[0] ; Input    ; (0)           ;
; S[2] ; Input    ; (0)           ;
; S[1] ; Input    ; (0)           ;
; S[0] ; Input    ; (0)           ;
+------+----------+---------------+


+-----------------------------------------+
; Routing Usage Summary                   ;
+-----------------------+-----------------+
; Routing Resource Type ; Usage           ;
+-----------------------+-----------------+
; C4s                   ; 0 / 784 ( 0 % ) ;
; Direct links          ; 0 / 888 ( 0 % ) ;
; Global clocks         ; 0 / 4 ( 0 % )   ;
; LAB clocks            ; 0 / 32 ( 0 % )  ;
; LUT chains            ; 0 / 216 ( 0 % ) ;
; Local interconnects   ; 0 / 888 ( 0 % ) ;
; R4s                   ; 0 / 704 ( 0 % ) ;
+-----------------------+-----------------+


+-------------------------------------------------------------------------+
; Fitter Device Options                                                   ;
+----------------------------------------------+--------------------------+
; Option                                       ; Setting                  ;
+----------------------------------------------+--------------------------+
; Enable user-supplied start-up clock (CLKUSR) ; Off                      ;
; Enable device-wide reset (DEV_CLRn)          ; Off                      ;
; Enable device-wide output enable (DEV_OE)    ; Off                      ;
; Enable INIT_DONE output                      ; Off                      ;
; Configuration scheme                         ; Passive Serial           ;
; Reserve all unused pins                      ; As output driving ground ;
; Base pin-out file on sameframe device        ; Off                      ;
+----------------------------------------------+--------------------------+


+-----------------+
; Fitter Messages ;
+-----------------+
Warning (20028): Parallel compilation is not licensed and has been disabled
Info (119004): Automatically selected device 5M40ZE64C4 for design ULA
Info (119005): Fitting design with smaller device may be possible, but smaller device must be specified
Info (171003): Fitter is performing an Auto Fit compilation, which may decrease Fitter effort to reduce compilation time
Warning (292013): Feature LogicLock is only available with a valid subscription license. You can purchase a software subscription to gain full access to this feature.
Info (176444): Device migration not selected. If you intend to use device migration later, you may need to change the pin assignments as they may be incompatible with other devices
    Info (176445): Device 5M80ZE64C4 is compatible
    Info (176445): Device 5M160ZE64C4 is compatible
Critical Warning (169085): No exact pin location assignment(s) for 11 pins of 11 total pins
    Info (169086): Pin A[3] not assigned to an exact location on the device
    Info (169086): Pin A[2] not assigned to an exact location on the device
    Info (169086): Pin A[1] not assigned to an exact location on the device
    Info (169086): Pin A[0] not assigned to an exact location on the device
    Info (169086): Pin B[3] not assigned to an exact location on the device
    Info (169086): Pin B[2] not assigned to an exact location on the device
    Info (169086): Pin B[1] not assigned to an exact location on the device
    Info (169086): Pin B[0] not assigned to an exact location on the device
    Info (169086): Pin S[2] not assigned to an exact location on the device
    Info (169086): Pin S[1] not assigned to an exact location on the device
    Info (169086): Pin S[0] not assigned to an exact location on the device
Warning (332046): Timing netlist is empty. No timing reports will be generated.
Critical Warning (332012): Synopsys Design Constraints File file not found: 'ULA.sdc'. A Synopsys Design Constraints File is required by the TimeQuest Timing Analyzer to get proper timing constraints. Without it, the Compiler will not properly optimize the design.
Info (332128): Timing requirements not specified -- optimizing circuit to achieve the following default global requirements
    Info (332127): Assuming a default timing requirement
Info (186079): Completed User Assigned Global Signals Promotion Operation
Info (186079): Completed Auto Global Promotion Operation
Info (176234): Starting register packing
Info (186468): Started processing fast register assignments
Info (186469): Finished processing fast register assignments
Info (176235): Finished register packing
Info (176214): Statistics of I/O pins that need to be placed that use the same VCCIO and VREF, before I/O pin placement
    Info (176211): Number of I/O pins in group: 11 (unused VREF, 3.3V VCCIO, 11 input, 0 output, 0 bidirectional)
        Info (176212): I/O standards used: 3.3-V LVTTL.
Info (176215): I/O bank details before I/O pin placement
    Info (176214): Statistics of I/O banks
        Info (176213): I/O bank number 1 does not use VREF pins and has undetermined VCCIO pins. 0 total pin(s) used --  27 pins available
        Info (176213): I/O bank number 2 does not use VREF pins and has undetermined VCCIO pins. 0 total pin(s) used --  27 pins available
Info (171121): Fitter preparation operations ending: elapsed time is 00:00:00
Info (170189): Fitter placement preparation operations beginning
Info (170190): Fitter placement preparation operations ending: elapsed time is 00:00:00
Info (170191): Fitter placement operations beginning
Info (170137): Fitter placement was successful
Info (170192): Fitter placement operations ending: elapsed time is 00:00:00
Info (170193): Fitter routing operations beginning
Info (170195): Router estimated average interconnect usage is 0% of the available device resources
    Info (170196): Router estimated peak interconnect usage is 0% of the available device resources in the region that extends from location X0_Y0 to location X8_Y5
Info (170194): Fitter routing operations ending: elapsed time is 00:00:00
Info (170199): The Fitter performed an Auto Fit compilation.  Optimizations were skipped to reduce compilation time.
    Info (170201): Optimizations that may affect the design's routability were skipped
    Info (170200): Optimizations that may affect the design's timing were skipped
Info (11888): Total time spent on timing analysis during the Fitter is 0.04 seconds.
Info (11218): Fitter post-fit operations ending: elapsed time is 00:00:00
Warning (169174): The Reserve All Unused Pins setting has not been specified, and will default to 'As output driving ground'.
Info (144001): Generated suppressed messages file /home/CIN/phts/Desktop/ULA-Quartus/output_files/ULA.fit.smsg
Info: Quartus II 32-bit Fitter was successful. 0 errors, 6 warnings
    Info: Peak virtual memory: 442 megabytes
    Info: Processing ended: Sun Oct 23 20:19:56 2016
    Info: Elapsed time: 00:00:05
    Info: Total CPU time (on all processors): 00:00:03


+----------------------------+
; Fitter Suppressed Messages ;
+----------------------------+
The suppressed messages can be found in /home/CIN/phts/Desktop/ULA-Quartus/output_files/ULA.fit.smsg.


